==========================================
SLURM_JOB_ID = 11158570
SLURM_SUBMIT_DIR = /home/tjacobs0/developers/code
SLURM_JOB_NODELIST = mcn32
==========================================
Job ID: 11158570
Job User: tjacobs0
Num Cores: 1
── Attaching packages ─────────────────────────────────────── tidyverse 1.3.2 ──
✔ ggplot2 3.3.6     ✔ purrr   0.3.4
✔ tibble  3.1.8     ✔ dplyr   1.0.9
✔ tidyr   1.2.0     ✔ stringr 1.4.0
✔ readr   2.1.2     ✔ forcats 0.5.2
── Conflicts ────────────────────────────────────────── tidyverse_conflicts() ──
✖ dplyr::between()   masks data.table::between()
✖ dplyr::filter()    masks stats::filter()
✖ dplyr::first()     masks data.table::first()
✖ dplyr::lag()       masks stats::lag()
✖ dplyr::last()      masks data.table::last()
✖ purrr::transpose() masks data.table::transpose()
Linking to GEOS 3.7.2, GDAL 3.0.4, PROJ 6.3.2; sf_use_s2() is TRUE
Reading layer `Zoning_nov2012' from data source 
  `/home/tjacobs0/developers/raw/Zoning 2012/Zoning_nov2012.shp' 
  using driver `ESRI Shapefile'
Simple feature collection with 11294 features and 8 fields
Geometry type: MULTIPOLYGON
Dimension:     XY
Bounding box:  xmin: 1091188 ymin: 1813892 xmax: 1205199 ymax: 1951666
Projected CRS: NAD83 / Illinois East (ftUS)
[1] "Loaded File"
Reading layer `Zoning_asof_14NOV2023' from data source 
  `/home/tjacobs0/developers/raw/zoning_nov23/Zoning_asof_14NOV2023.shp' 
  using driver `ESRI Shapefile'
Simple feature collection with 14456 features and 21 fields (with 4 geometries empty)
Geometry type: MULTIPOLYGON
Dimension:     XY
Bounding box:  xmin: 1091138 ymin: 1813892 xmax: 1205199 ymax: 1951666
Projected CRS: NAD83 / Illinois East (ftUS)
Reading layer `wards_2015' from data source 
  `/home/tjacobs0/developers/raw/wards_2015/wards_2015.shp' using driver `ESRI Shapefile'
Simple feature collection with 50 features and 3 fields
Geometry type: MULTIPOLYGON
Dimension:     XY
Bounding box:  xmin: -87.94011 ymin: 41.64454 xmax: -87.52414 ymax: 42.02304
Geodetic CRS:  WGS84(DD)
Error in st_geos_binop("intersects", x, y, sparse = sparse, prepared = prepared,  : 
  st_crs(x) == st_crs(y) is not TRUE
Calls: st_intersection_faster ... st_intersects -> st_intersects.sf -> st_geos_binop -> stopifnot
Execution halted
srun: error: mcn32: task 0: Exited with exit code 1
